<?xml version="1.0" encoding="utf-8"?><testsuites><testsuite name="pytest" errors="0" failures="0" skipped="0" tests="20" time="2.392" timestamp="2026-08-13T18:14:03.861857" hostname="DESKTOP-VKRMBR2"><testcase classname="test_main" name="test_create_venue" time="0.141" /><testcase classname="test_main" name="test_get_venues" time="0.043" /><testcase classname="test_main" name="test_get_venue_by_id" time="0.040" /><testcase classname="test_main" name="test_update_venue" time="0.042" /><testcase classname="test_main" name="test_delete_venue" time="0.043" /><testcase classname="test_main" name="test_create_user" time="0.038" /><testcase classname="test_main" name="test_get_users" time="0.048" /><testcase classname="test_main" name="test_get_user_by_id" time="0.046" /><testcase classname="test_main" name="test_update_user" time="0.050" /><testcase classname="test_main" name="test_delete_user" time="0.067" /><testcase classname="test_main" name="test_create_facility" time="0.059" /><testcase classname="test_main" name="test_get_facilities" time="0.053" /><testcase classname="test_main" name="test_get_facility_by_id" time="0.055" /><testcase classname="test_main" name="test_update_facility" time="0.058" /><testcase classname="test_main" name="test_delete_facility" time="0.057" /><testcase classname="test_main" name="test_create_booking" time="0.065" /><testcase classname="test_main" name="test_get_bookings" time="0.064" /><testcase classname="test_main" name="test_get_booking_by_id" time="0.067" /><testcase classname="test_main" name="test_update_booking" time="0.064" /><testcase classname="test_main" name="test_delete_booking" time="0.064" /></testsuite></testsuites>